# JRE version: OpenJDK Runtime Environment (8.0_152-b01) (build 1.8.0_152-release-915-b01)
# Java VM: OpenJDK 64-Bit Server VM (25.152-b01 mixed mode windows-amd64 compressed oops)
Heap:
 PSYoungGen      total 414208K, used 72247K [0x00000000e0000000, 0x00000000feb00000, 0x0000000100000000)
  eden space 386048K, 16% used [0x00000000e0000000,0x00000000e3d842c0,0x00000000f7900000)
  from space 28160K, 32% used [0x00000000f7900000,0x00000000f8209bc8,0x00000000f9480000)
  to   space 27648K, 0% used [0x00000000fd000000,0x00000000fd000000,0x00000000feb00000)
 ParOldGen       total 198144K, used 104556K [0x00000000a0000000, 0x00000000ac180000, 0x00000000e0000000)
  object space 198144K, 52% used [0x00000000a0000000,0x00000000a661b258,0x00000000ac180000)
 Metaspace       used 91907K, capacity 97690K, committed 98136K, reserved 1134592K
  class space    used 11534K, capacity 12826K, committed 12928K, reserved 1048576K
GC Heap History (10 events):
Event: 894.422 GC heap before
{Heap before GC invocations=36 (full 3):
 PSYoungGen      total 317440K, used 305224K [0x00000000e0000000, 0x00000000f5580000, 0x0000000100000000)
  eden space 288256K, 100% used [0x00000000e0000000,0x00000000f1980000,0x00000000f1980000)
  from space 29184K, 58% used [0x00000000f3900000,0x00000000f4992140,0x00000000f5580000)
  to   space 30720K, 0% used [0x00000000f1980000,0x00000000f1980000,0x00000000f3780000)
 ParOldGen       total 125440K, used 101276K [0x00000000a0000000, 0x00000000a7a80000, 0x00000000e0000000)
  object space 125440K, 80% used [0x00000000a0000000,0x00000000a62e72e8,0x00000000a7a80000)
 Metaspace       used 91976K, capacity 98056K, committed 98136K, reserved 1134592K
  class space    used 11571K, capacity 12889K, committed 12928K, reserved 1048576K
Event: 894.443 GC heap after
Heap after GC invocations=36 (full 3):
 PSYoungGen      total 318976K, used 14480K [0x00000000e0000000, 0x00000000f7f80000, 0x0000000100000000)
  eden space 288256K, 0% used [0x00000000e0000000,0x00000000e0000000,0x00000000f1980000)
  from space 30720K, 47% used [0x00000000f1980000,0x00000000f27a4160,0x00000000f3780000)
  to   space 29696K, 0% used [0x00000000f6280000,0x00000000f6280000,0x00000000f7f80000)
 ParOldGen       total 125440K, used 106148K [0x00000000a0000000, 0x00000000a7a80000, 0x00000000e0000000)
  object space 125440K, 84% used [0x00000000a0000000,0x00000000a67a92e8,0x00000000a7a80000)
 Metaspace       used 91976K, capacity 98056K, committed 98136K, reserved 1134592K
  class space    used 11571K, capacity 12889K, committed 12928K, reserved 1048576K
}
Event: 894.901 GC heap before
{Heap before GC invocations=37 (full 3):
 PSYoungGen      total 318976K, used 302736K [0x00000000e0000000, 0x00000000f7f80000, 0x0000000100000000)
  eden space 288256K, 100% used [0x00000000e0000000,0x00000000f1980000,0x00000000f1980000)
  from space 30720K, 47% used [0x00000000f1980000,0x00000000f27a4160,0x00000000f3780000)
  to   space 29696K, 0% used [0x00000000f6280000,0x00000000f6280000,0x00000000f7f80000)
 ParOldGen       total 125440K, used 106148K [0x00000000a0000000, 0x00000000a7a80000, 0x00000000e0000000)
  object space 125440K, 84% used [0x00000000a0000000,0x00000000a67a92e8,0x00000000a7a80000)
 Metaspace       used 91984K, capacity 98056K, committed 98136K, reserved 1134592K
  class space    used 11572K, capacity 12889K, committed 12928K, reserved 1048576K
Event: 894.920 GC heap after
Heap after GC invocations=37 (full 3):
 PSYoungGen      total 363520K, used 9056K [0x00000000e0000000, 0x00000000f7f80000, 0x0000000100000000)
  eden space 333824K, 0% used [0x00000000e0000000,0x00000000e0000000,0x00000000f4600000)
  from space 29696K, 30% used [0x00000000f6280000,0x00000000f6b58120,0x00000000f7f80000)
  to   space 29184K, 0% used [0x00000000f4600000,0x00000000f4600000,0x00000000f6280000)
 ParOldGen       total 125440K, used 112980K [0x00000000a0000000, 0x00000000a7a80000, 0x00000000e0000000)
  object space 125440K, 90% used [0x00000000a0000000,0x00000000a6e55388,0x00000000a7a80000)
 Metaspace       used 91984K, capacity 98056K, committed 98136K, reserved 1134592K
  class space    used 11572K, capacity 12889K, committed 12928K, reserved 1048576K
}
Event: 895.501 GC heap before
{Heap before GC invocations=38 (full 3):
 PSYoungGen      total 363520K, used 342880K [0x00000000e0000000, 0x00000000f7f80000, 0x0000000100000000)
  eden space 333824K, 100% used [0x00000000e0000000,0x00000000f4600000,0x00000000f4600000)
  from space 29696K, 30% used [0x00000000f6280000,0x00000000f6b58120,0x00000000f7f80000)
  to   space 29184K, 0% used [0x00000000f4600000,0x00000000f4600000,0x00000000f6280000)
 ParOldGen       total 125440K, used 112980K [0x00000000a0000000, 0x00000000a7a80000, 0x00000000e0000000)
  object space 125440K, 90% used [0x00000000a0000000,0x00000000a6e55388,0x00000000a7a80000)
 Metaspace       used 91994K, capacity 98056K, committed 98136K, reserved 1134592K
  class space    used 11572K, capacity 12889K, committed 12928K, reserved 1048576K
Event: 895.519 GC heap after
Heap after GC invocations=38 (full 3):
 PSYoungGen      total 363008K, used 11264K [0x00000000e0000000, 0x00000000fb080000, 0x0000000100000000)
  eden space 333824K, 0% used [0x00000000e0000000,0x00000000e0000000,0x00000000f4600000)
  from space 29184K, 38% used [0x00000000f4600000,0x00000000f5100160,0x00000000f6280000)
  to   space 28672K, 0% used [0x00000000f9480000,0x00000000f9480000,0x00000000fb080000)
 ParOldGen       total 125440K, used 116340K [0x00000000a0000000, 0x00000000a7a80000, 0x00000000e0000000)
  object space 125440K, 92% used [0x00000000a0000000,0x00000000a719d3a8,0x00000000a7a80000)
 Metaspace       used 91994K, capacity 98056K, committed 98136K, reserved 1134592K
  class space    used 11572K, capacity 12889K, committed 12928K, reserved 1048576K
}
Event: 895.557 GC heap before
{Heap before GC invocations=39 (full 4):
 PSYoungGen      total 363008K, used 11264K [0x00000000e0000000, 0x00000000fb080000, 0x0000000100000000)
  eden space 333824K, 0% used [0x00000000e0000000,0x00000000e0000000,0x00000000f4600000)
  from space 29184K, 38% used [0x00000000f4600000,0x00000000f5100160,0x00000000f6280000)
  to   space 28672K, 0% used [0x00000000f9480000,0x00000000f9480000,0x00000000fb080000)
 ParOldGen       total 125440K, used 116340K [0x00000000a0000000, 0x00000000a7a80000, 0x00000000e0000000)
  object space 125440K, 92% used [0x00000000a0000000,0x00000000a719d3a8,0x00000000a7a80000)
 Metaspace       used 91994K, capacity 98056K, committed 98136K, reserved 1134592K
  class space    used 11572K, capacity 12889K, committed 12928K, reserved 1048576K
Event: 896.109 GC heap after
Heap after GC invocations=39 (full 4):
 PSYoungGen      total 363008K, used 0K [0x00000000e0000000, 0x00000000fb080000, 0x0000000100000000)
  eden space 333824K, 0% used [0x00000000e0000000,0x00000000e0000000,0x00000000f4600000)
  from space 29184K, 0% used [0x00000000f4600000,0x00000000f4600000,0x00000000f6280000)
  to   space 28672K, 0% used [0x00000000f9480000,0x00000000f9480000,0x00000000fb080000)
 ParOldGen       total 198144K, used 99326K [0x00000000a0000000, 0x00000000ac180000, 0x00000000e0000000)
  object space 198144K, 50% used [0x00000000a0000000,0x00000000a60ffa20,0x00000000ac180000)
 Metaspace       used 91871K, capacity 97690K, committed 98136K, reserved 1134592K
  class space    used 11532K, capacity 12826K, committed 12928K, reserved 1048576K
}
Event: 896.585 GC heap before
{Heap before GC invocations=40 (full 4):
 PSYoungGen      total 363008K, used 333824K [0x00000000e0000000, 0x00000000fb080000, 0x0000000100000000)
  eden space 333824K, 100% used [0x00000000e0000000,0x00000000f4600000,0x00000000f4600000)
  from space 29184K, 0% used [0x00000000f4600000,0x00000000f4600000,0x00000000f6280000)
  to   space 28672K, 0% used [0x00000000f9480000,0x00000000f9480000,0x00000000fb080000)
 ParOldGen       total 198144K, used 99326K [0x00000000a0000000, 0x00000000ac180000, 0x00000000e0000000)
  object space 198144K, 50% used [0x00000000a0000000,0x00000000a60ffa20,0x00000000ac180000)
 Metaspace       used 91880K, capacity 97690K, committed 98136K, reserved 1134592K
  class space    used 11532K, capacity 12826K, committed 12928K, reserved 1048576K
Event: 896.595 GC heap after
Heap after GC invocations=40 (full 4):
 PSYoungGen      total 414720K, used 10563K [0x00000000e0000000, 0x00000000fb100000, 0x0000000100000000)
  eden space 386048K, 0% used [0x00000000e0000000,0x00000000e0000000,0x00000000f7900000)
  from space 28672K, 36% used [0x00000000f9480000,0x00000000f9ed0eb8,0x00000000fb080000)
  to   space 28160K, 0% used [0x00000000f7900000,0x00000000f7900000,0x00000000f9480000)
 ParOldGen       total 198144K, used 99334K [0x00000000a0000000, 0x00000000ac180000, 0x00000000e0000000)
  object space 198144K, 50% used [0x00000000a0000000,0x00000000a6101a20,0x00000000ac180000)
 Metaspace       used 91880K, capacity 97690K, committed 98136K, reserved 1134592K
  class space    used 11532K, capacity 12826K, committed 12928K, reserved 1048576K
}

